<?xml version="1.0" encoding="UTF-8"?>
<!-- Generated by org.testng.reporters.JUnitXMLReporter -->
<testsuite ignored="0" hostname="DESKTOP-FMB1J5N" failures="0" tests="6" name="Default test" time="9.889" errors="0" timestamp="2023-06-07T15:43:47 EDT">
  <testcase classname="RestAssuredExamples.Library" name="addBook" time="6.502"/>
  <testcase classname="RestAssuredExamples.Library" name="addBook" time="0.722"/>
  <testcase classname="RestAssuredExamples.Library" name="addBook" time="0.691"/>
  <testcase classname="RestAssuredExamples.Library" name="addBookJsonfile" time="0.71"/>
  <testcase classname="RestAssuredExamples.Library" name="deleteBook" time="0.6"/>
  <testcase classname="RestAssuredExamples.Library" name="deleteBook" time="0.53"/>
</testsuite> <!-- Default test -->
