<?xml version="1.0" encoding="UTF-8"?>
<!-- Generated by org.testng.reporters.JUnitXMLReporter -->
<testsuite ignored="0" hostname="DESKTOP-FMB1J5N" failures="0" tests="3" name="Default test" time="8.388" errors="0" timestamp="2023-06-03T10:41:53 EDT">
  <testcase classname="apiTest.UserTests" name="testPostUser" time="6.623"/>
  <testcase classname="apiTest.UserTests" name="testReadUser" time="0.219"/>
  <testcase classname="apiTest.UserTests" name="testUpdateUser" time="0.284"/>
</testsuite> <!-- Default test -->
