<?xml version="1.0" encoding="UTF-8"?>
<testng-results ignored="0" total="6" passed="6" failed="0" skipped="0">
  <reporter-output>
  </reporter-output>
  <suite started-at="2023-06-07T15:43:37 EDT" name="Default suite" finished-at="2023-06-07T15:43:47 EDT" duration-ms="9889">
    <groups>
    </groups>
    <test started-at="2023-06-07T15:43:37 EDT" name="Default test" finished-at="2023-06-07T15:43:47 EDT" duration-ms="9889">
      <class name="RestAssuredExamples.Library">
        <test-method signature="addBook(java.lang.String,java.lang.String)[pri:0, instance:RestAssuredExamples.Library@223aa2f7]" started-at="2023-06-07T15:43:37 EDT" name="addBook" data-provider="Bookdetails" finished-at="2023-06-07T15:43:44 EDT" duration-ms="6502" status="PASS">
          <params>
            <param index="0">
              <value>
                <![CDATA[kgknk]]>
              </value>
            </param>
            <param index="1">
              <value>
                <![CDATA[1343]]>
              </value>
            </param>
          </params>
          <reporter-output>
          </reporter-output>
        </test-method> <!-- addBook -->
        <test-method signature="addBook(java.lang.String,java.lang.String)[pri:0, instance:RestAssuredExamples.Library@223aa2f7]" started-at="2023-06-07T15:43:44 EDT" name="addBook" data-provider="Bookdetails" finished-at="2023-06-07T15:43:44 EDT" duration-ms="722" status="PASS">
          <params>
            <param index="0">
              <value>
                <![CDATA[kgknr]]>
              </value>
            </param>
            <param index="1">
              <value>
                <![CDATA[1564]]>
              </value>
            </param>
          </params>
          <reporter-output>
          </reporter-output>
        </test-method> <!-- addBook -->
        <test-method signature="addBook(java.lang.String,java.lang.String)[pri:0, instance:RestAssuredExamples.Library@223aa2f7]" started-at="2023-06-07T15:43:44 EDT" name="addBook" data-provider="Bookdetails" finished-at="2023-06-07T15:43:45 EDT" duration-ms="691" status="PASS">
          <params>
            <param index="0">
              <value>
                <![CDATA[kgsr]]>
              </value>
            </param>
            <param index="1">
              <value>
                <![CDATA[1298]]>
              </value>
            </param>
          </params>
          <reporter-output>
          </reporter-output>
        </test-method> <!-- addBook -->
        <test-method signature="addBookJsonfile()[pri:0, instance:RestAssuredExamples.Library@223aa2f7]" started-at="2023-06-07T15:43:45 EDT" name="addBookJsonfile" finished-at="2023-06-07T15:43:46 EDT" duration-ms="710" status="PASS">
          <reporter-output>
          </reporter-output>
        </test-method> <!-- addBookJsonfile -->
        <test-method signature="deleteBook(java.lang.String,java.lang.String)[pri:0, instance:RestAssuredExamples.Library@223aa2f7]" started-at="2023-06-07T15:43:46 EDT" name="deleteBook" data-provider="deleteBookdetails" finished-at="2023-06-07T15:43:46 EDT" duration-ms="600" status="PASS">
          <params>
            <param index="0">
              <value>
                <![CDATA[kgknk]]>
              </value>
            </param>
            <param index="1">
              <value>
                <![CDATA[1343]]>
              </value>
            </param>
          </params>
          <reporter-output>
          </reporter-output>
        </test-method> <!-- deleteBook -->
        <test-method signature="deleteBook(java.lang.String,java.lang.String)[pri:0, instance:RestAssuredExamples.Library@223aa2f7]" started-at="2023-06-07T15:43:46 EDT" name="deleteBook" data-provider="deleteBookdetails" finished-at="2023-06-07T15:43:47 EDT" duration-ms="530" status="PASS">
          <params>
            <param index="0">
              <value>
                <![CDATA[kgknr]]>
              </value>
            </param>
            <param index="1">
              <value>
                <![CDATA[1564]]>
              </value>
            </param>
          </params>
          <reporter-output>
          </reporter-output>
        </test-method> <!-- deleteBook -->
      </class> <!-- RestAssuredExamples.Library -->
    </test> <!-- Default test -->
  </suite> <!-- Default suite -->
</testng-results>
